<?xml version="1.0" encoding="UTF-8"?>
<testng-results ignored="0" total="1" passed="1" failed="0" skipped="0">
  <reporter-output>
  </reporter-output>
  <suite started-at="2024-01-03T22:30:40 IST" name="Default suite" finished-at="2024-01-03T22:30:51 IST" duration-ms="11326">
    <groups>
    </groups>
    <test started-at="2024-01-03T22:30:40 IST" name="Default test" finished-at="2024-01-03T22:30:51 IST" duration-ms="11326">
      <class name="pom.steps">
        <test-method signature="operation()[pri:0, instance:pom.steps@932bc4a]" started-at="2024-01-03T22:30:40 IST" name="operation" finished-at="2024-01-03T22:30:51 IST" duration-ms="11278" status="PASS">
          <reporter-output>
          </reporter-output>
        </test-method> <!-- operation -->
      </class> <!-- pom.steps -->
    </test> <!-- Default test -->
  </suite> <!-- Default suite -->
</testng-results>
